<?xml version="1.0" encoding="UTF-8"?>
<testsuite name="com.optiplant.backend.BackendApplicationTests" tests="1" skipped="0" failures="0" errors="0" timestamp="2026-03-19T03:23:05.804Z" hostname="ABetancourt" time="8.407">
  <properties/>
  <testcase name="contextLoads()" classname="com.optiplant.backend.BackendApplicationTests" time="0.398"/>
  <system-out><![CDATA[22:23:06.033 [Test worker] INFO org.springframework.test.context.support.AnnotationConfigContextLoaderUtils -- Could not detect default configuration classes for test class [com.optiplant.backend.BackendApplicationTests]: BackendApplicationTests does not declare any static, non-private, non-final, nested classes annotated with @Configuration.
22:23:06.153 [Test worker] INFO org.springframework.boot.test.context.SpringBootTestContextBootstrapper -- Found @SpringBootConfiguration com.optiplant.backend.BackendApplication for test class com.optiplant.backend.BackendApplicationTests

  .   ____          _            __ _ _
 /\\ / ___'_ __ _ _(_)_ __  __ _ \ \ \ \
( ( )\___ | '_ | '_| | '_ \/ _` | \ \ \ \
 \\/  ___)| |_)| | | | | || (_| |  ) ) ) )
  '  |____| .__|_| |_|_| |_\__, | / / / /
 =========|_|==============|___/=/_/_/_/

 :: Spring Boot ::                (v4.0.3)

2026-03-18T22:23:06.633-05:00  INFO 55019 --- [backend] [    Test worker] c.o.backend.BackendApplicationTests      : Starting BackendApplicationTests using Java 17.0.18 with PID 55019 (started by betancourt in /home/betancourt/Anderson Work/reto-optiplant-backend)
2026-03-18T22:23:06.636-05:00  INFO 55019 --- [backend] [    Test worker] c.o.backend.BackendApplicationTests      : The following 1 profile is active: "local"
2026-03-18T22:23:07.665-05:00  INFO 55019 --- [backend] [    Test worker] .s.d.r.c.RepositoryConfigurationDelegate : Bootstrapping Spring Data JPA repositories in DEFAULT mode.
2026-03-18T22:23:07.740-05:00  INFO 55019 --- [backend] [    Test worker] .s.d.r.c.RepositoryConfigurationDelegate : Finished Spring Data repository scanning in 65 ms. Found 10 JPA repository interfaces.
2026-03-18T22:23:08.320-05:00  INFO 55019 --- [backend] [    Test worker] org.hibernate.orm.jpa                    : HHH008540: Processing PersistenceUnitInfo [name: default]
2026-03-18T22:23:08.404-05:00  INFO 55019 --- [backend] [    Test worker] org.hibernate.orm.core                   : HHH000001: Hibernate ORM core version 7.2.4.Final
2026-03-18T22:23:08.876-05:00  INFO 55019 --- [backend] [    Test worker] o.s.o.j.p.SpringPersistenceUnitInfo      : No LoadTimeWeaver setup: ignoring JPA class transformer
2026-03-18T22:23:08.915-05:00  INFO 55019 --- [backend] [    Test worker] com.zaxxer.hikari.HikariDataSource       : HikariPool-1 - Starting...
2026-03-18T22:23:09.229-05:00  INFO 55019 --- [backend] [    Test worker] com.zaxxer.hikari.pool.HikariPool        : HikariPool-1 - Added connection org.postgresql.jdbc.PgConnection@706690e1
2026-03-18T22:23:09.230-05:00  INFO 55019 --- [backend] [    Test worker] com.zaxxer.hikari.HikariDataSource       : HikariPool-1 - Start completed.
2026-03-18T22:23:09.297-05:00  INFO 55019 --- [backend] [    Test worker] org.hibernate.orm.connections.pooling    : HHH10001005: Database info:
	Database JDBC URL [jdbc:postgresql://localhost:5432/optiplant]
	Database driver: PostgreSQL JDBC Driver
	Database dialect: PostgreSQLDialect
	Database version: 18.3
	Default catalog/schema: optiplant/public
	Autocommit mode: undefined/unknown
	Isolation level: READ_COMMITTED [default READ_COMMITTED]
	JDBC fetch size: none
	Pool: DataSourceConnectionProvider
	Minimum pool size: undefined/unknown
	Maximum pool size: undefined/unknown
2026-03-18T22:23:10.271-05:00  INFO 55019 --- [backend] [    Test worker] org.hibernate.orm.core                   : HHH000489: No JTA platform available (set 'hibernate.transaction.jta.platform' to enable JTA platform integration)
2026-03-18T22:23:10.367-05:00  INFO 55019 --- [backend] [    Test worker] j.LocalContainerEntityManagerFactoryBean : Initialized JPA EntityManagerFactory for persistence unit 'default'
2026-03-18T22:23:10.470-05:00  INFO 55019 --- [backend] [    Test worker] o.s.d.j.r.query.QueryEnhancerFactories   : Hibernate is in classpath; If applicable, HQL parser will be used.
2026-03-18T22:23:12.595-05:00  WARN 55019 --- [backend] [    Test worker] .s.a.UserDetailsServiceAutoConfiguration : 

Using generated security password: 712298b8-d48d-493f-8cc9-11c290dd34e8

This generated password is for development use only. Your security configuration must be updated before running your application in production.

2026-03-18T22:23:12.604-05:00  INFO 55019 --- [backend] [    Test worker] r$InitializeUserDetailsManagerConfigurer : Global AuthenticationManager configured with UserDetailsService bean with name inMemoryUserDetailsManager
2026-03-18T22:23:13.272-05:00  INFO 55019 --- [backend] [    Test worker] o.s.m.s.b.SimpleBrokerMessageHandler     : Starting...
2026-03-18T22:23:13.273-05:00  INFO 55019 --- [backend] [    Test worker] o.s.m.s.b.SimpleBrokerMessageHandler     : BrokerAvailabilityEvent[available=true, SimpleBrokerMessageHandler [org.springframework.messaging.simp.broker.DefaultSubscriptionRegistry@7933293f]]
2026-03-18T22:23:13.273-05:00  INFO 55019 --- [backend] [    Test worker] o.s.m.s.b.SimpleBrokerMessageHandler     : Started.
2026-03-18T22:23:13.282-05:00  INFO 55019 --- [backend] [    Test worker] c.o.backend.BackendApplicationTests      : Started BackendApplicationTests in 6.977 seconds (process running for 8.472)
Hibernate: 
    select
        b1_0.id,
        b1_0.address,
        b1_0.name,
        b1_0.phone,
        b1_0.requires_validation 
    from
        branches b1_0
Hibernate: 
    select
        p1_0.id,
        p1_0.category_id,
        p1_0.description,
        p1_0.name,
        p1_0.price 
    from
        products p1_0
Hibernate: 
    select
        c1_0.id,
        c1_0.name 
    from
        categories c1_0 
    where
        c1_0.id=?
Hibernate: 
    select
        c1_0.id,
        c1_0.name 
    from
        categories c1_0 
    where
        c1_0.id=?
Hibernate: 
    select
        c1_0.id,
        c1_0.name 
    from
        categories c1_0 
    where
        c1_0.id=?
Hibernate: 
    select
        c1_0.id,
        c1_0.name 
    from
        categories c1_0 
    where
        c1_0.id=?
Hibernate: 
    select
        c1_0.id,
        c1_0.name 
    from
        categories c1_0 
    where
        c1_0.id=?
Hibernate: 
    select
        c1_0.id,
        c1_0.name 
    from
        categories c1_0 
    where
        c1_0.id=?
Hibernate: 
    select
        c1_0.id,
        c1_0.name 
    from
        categories c1_0 
    where
        c1_0.id=?
Hibernate: 
    select
        c1_0.id,
        c1_0.name 
    from
        categories c1_0 
    where
        c1_0.id=?
Hibernate: 
    select
        c1_0.id,
        c1_0.name 
    from
        categories c1_0 
    where
        c1_0.id=?
Hibernate: 
    select
        c1_0.id,
        c1_0.name 
    from
        categories c1_0 
    where
        c1_0.id=?
Hibernate: 
    select
        i1_0.id,
        i1_0.branch_id,
        i1_0.product_id,
        i1_0.quantity 
    from
        inventories i1_0 
    where
        i1_0.branch_id=? 
        and i1_0.product_id=?
Hibernate: 
    select
        i1_0.id,
        i1_0.branch_id,
        i1_0.product_id,
        i1_0.quantity 
    from
        inventories i1_0 
    where
        i1_0.branch_id=? 
        and i1_0.product_id=?
Hibernate: 
    select
        i1_0.id,
        i1_0.branch_id,
        i1_0.product_id,
        i1_0.quantity 
    from
        inventories i1_0 
    where
        i1_0.branch_id=? 
        and i1_0.product_id=?
Hibernate: 
    select
        i1_0.id,
        i1_0.branch_id,
        i1_0.product_id,
        i1_0.quantity 
    from
        inventories i1_0 
    where
        i1_0.branch_id=? 
        and i1_0.product_id=?
Hibernate: 
    select
        i1_0.id,
        i1_0.branch_id,
        i1_0.product_id,
        i1_0.quantity 
    from
        inventories i1_0 
    where
        i1_0.branch_id=? 
        and i1_0.product_id=?
Hibernate: 
    select
        i1_0.id,
        i1_0.branch_id,
        i1_0.product_id,
        i1_0.quantity 
    from
        inventories i1_0 
    where
        i1_0.branch_id=? 
        and i1_0.product_id=?
Hibernate: 
    select
        i1_0.id,
        i1_0.branch_id,
        i1_0.product_id,
        i1_0.quantity 
    from
        inventories i1_0 
    where
        i1_0.branch_id=? 
        and i1_0.product_id=?
Hibernate: 
    select
        i1_0.id,
        i1_0.branch_id,
        i1_0.product_id,
        i1_0.quantity 
    from
        inventories i1_0 
    where
        i1_0.branch_id=? 
        and i1_0.product_id=?
Hibernate: 
    select
        i1_0.id,
        i1_0.branch_id,
        i1_0.product_id,
        i1_0.quantity 
    from
        inventories i1_0 
    where
        i1_0.branch_id=? 
        and i1_0.product_id=?
Hibernate: 
    select
        i1_0.id,
        i1_0.branch_id,
        i1_0.product_id,
        i1_0.quantity 
    from
        inventories i1_0 
    where
        i1_0.branch_id=? 
        and i1_0.product_id=?
Hibernate: 
    select
        i1_0.id,
        i1_0.branch_id,
        i1_0.product_id,
        i1_0.quantity 
    from
        inventories i1_0 
    where
        i1_0.branch_id=? 
        and i1_0.product_id=?
Hibernate: 
    select
        i1_0.id,
        i1_0.branch_id,
        i1_0.product_id,
        i1_0.quantity 
    from
        inventories i1_0 
    where
        i1_0.branch_id=? 
        and i1_0.product_id=?
Hibernate: 
    select
        i1_0.id,
        i1_0.branch_id,
        i1_0.product_id,
        i1_0.quantity 
    from
        inventories i1_0 
    where
        i1_0.branch_id=? 
        and i1_0.product_id=?
Hibernate: 
    select
        i1_0.id,
        i1_0.branch_id,
        i1_0.product_id,
        i1_0.quantity 
    from
        inventories i1_0 
    where
        i1_0.branch_id=? 
        and i1_0.product_id=?
Hibernate: 
    select
        i1_0.id,
        i1_0.branch_id,
        i1_0.product_id,
        i1_0.quantity 
    from
        inventories i1_0 
    where
        i1_0.branch_id=? 
        and i1_0.product_id=?
Hibernate: 
    select
        i1_0.id,
        i1_0.branch_id,
        i1_0.product_id,
        i1_0.quantity 
    from
        inventories i1_0 
    where
        i1_0.branch_id=? 
        and i1_0.product_id=?
Hibernate: 
    select
        i1_0.id,
        i1_0.branch_id,
        i1_0.product_id,
        i1_0.quantity 
    from
        inventories i1_0 
    where
        i1_0.branch_id=? 
        and i1_0.product_id=?
Hibernate: 
    select
        i1_0.id,
        i1_0.branch_id,
        i1_0.product_id,
        i1_0.quantity 
    from
        inventories i1_0 
    where
        i1_0.branch_id=? 
        and i1_0.product_id=?
Hibernate: 
    select
        i1_0.id,
        i1_0.branch_id,
        i1_0.product_id,
        i1_0.quantity 
    from
        inventories i1_0 
    where
        i1_0.branch_id=? 
        and i1_0.product_id=?
Hibernate: 
    select
        i1_0.id,
        i1_0.branch_id,
        i1_0.product_id,
        i1_0.quantity 
    from
        inventories i1_0 
    where
        i1_0.branch_id=? 
        and i1_0.product_id=?
Hibernate: 
    select
        i1_0.id,
        i1_0.branch_id,
        i1_0.product_id,
        i1_0.quantity 
    from
        inventories i1_0 
    where
        i1_0.branch_id=? 
        and i1_0.product_id=?
Hibernate: 
    select
        i1_0.id,
        i1_0.branch_id,
        i1_0.product_id,
        i1_0.quantity 
    from
        inventories i1_0 
    where
        i1_0.branch_id=? 
        and i1_0.product_id=?
Hibernate: 
    select
        i1_0.id,
        i1_0.branch_id,
        i1_0.product_id,
        i1_0.quantity 
    from
        inventories i1_0 
    where
        i1_0.branch_id=? 
        and i1_0.product_id=?
Hibernate: 
    select
        i1_0.id,
        i1_0.branch_id,
        i1_0.product_id,
        i1_0.quantity 
    from
        inventories i1_0 
    where
        i1_0.branch_id=? 
        and i1_0.product_id=?
Hibernate: 
    select
        i1_0.id,
        i1_0.branch_id,
        i1_0.product_id,
        i1_0.quantity 
    from
        inventories i1_0 
    where
        i1_0.branch_id=? 
        and i1_0.product_id=?
Hibernate: 
    select
        p1_0.id,
        p1_0.category_id,
        p1_0.description,
        p1_0.name,
        p1_0.price 
    from
        products p1_0
Hibernate: 
    select
        i1_0.id,
        i1_0.branch_id,
        i1_0.product_id,
        i1_0.quantity 
    from
        inventories i1_0 
    where
        i1_0.branch_id=? 
        and i1_0.product_id=?
Hibernate: 
    select
        i1_0.id,
        i1_0.branch_id,
        i1_0.product_id,
        i1_0.quantity 
    from
        inventories i1_0 
    where
        i1_0.branch_id=? 
        and i1_0.product_id=?
Hibernate: 
    select
        i1_0.id,
        i1_0.branch_id,
        i1_0.product_id,
        i1_0.quantity 
    from
        inventories i1_0 
    where
        i1_0.branch_id=? 
        and i1_0.product_id=?
Hibernate: 
    select
        i1_0.id,
        i1_0.branch_id,
        i1_0.product_id,
        i1_0.quantity 
    from
        inventories i1_0 
    where
        i1_0.branch_id=? 
        and i1_0.product_id=?
Hibernate: 
    select
        i1_0.id,
        i1_0.branch_id,
        i1_0.product_id,
        i1_0.quantity 
    from
        inventories i1_0 
    where
        i1_0.branch_id=? 
        and i1_0.product_id=?
Hibernate: 
    select
        i1_0.id,
        i1_0.branch_id,
        i1_0.product_id,
        i1_0.quantity 
    from
        inventories i1_0 
    where
        i1_0.branch_id=? 
        and i1_0.product_id=?
Hibernate: 
    select
        i1_0.id,
        i1_0.branch_id,
        i1_0.product_id,
        i1_0.quantity 
    from
        inventories i1_0 
    where
        i1_0.branch_id=? 
        and i1_0.product_id=?
Hibernate: 
    select
        i1_0.id,
        i1_0.branch_id,
        i1_0.product_id,
        i1_0.quantity 
    from
        inventories i1_0 
    where
        i1_0.branch_id=? 
        and i1_0.product_id=?
Hibernate: 
    select
        i1_0.id,
        i1_0.branch_id,
        i1_0.product_id,
        i1_0.quantity 
    from
        inventories i1_0 
    where
        i1_0.branch_id=? 
        and i1_0.product_id=?
Hibernate: 
    select
        i1_0.id,
        i1_0.branch_id,
        i1_0.product_id,
        i1_0.quantity 
    from
        inventories i1_0 
    where
        i1_0.branch_id=? 
        and i1_0.product_id=?
Hibernate: 
    select
        i1_0.id,
        i1_0.branch_id,
        i1_0.product_id,
        i1_0.quantity 
    from
        inventories i1_0 
    where
        i1_0.branch_id=? 
        and i1_0.product_id=?
Hibernate: 
    select
        i1_0.id,
        i1_0.branch_id,
        i1_0.product_id,
        i1_0.quantity 
    from
        inventories i1_0 
    where
        i1_0.branch_id=? 
        and i1_0.product_id=?
Hibernate: 
    select
        i1_0.id,
        i1_0.branch_id,
        i1_0.product_id,
        i1_0.quantity 
    from
        inventories i1_0 
    where
        i1_0.branch_id=? 
        and i1_0.product_id=?
Hibernate: 
    select
        i1_0.id,
        i1_0.branch_id,
        i1_0.product_id,
        i1_0.quantity 
    from
        inventories i1_0 
    where
        i1_0.branch_id=? 
        and i1_0.product_id=?
Hibernate: 
    select
        i1_0.id,
        i1_0.branch_id,
        i1_0.product_id,
        i1_0.quantity 
    from
        inventories i1_0 
    where
        i1_0.branch_id=? 
        and i1_0.product_id=?
Hibernate: 
    select
        i1_0.id,
        i1_0.branch_id,
        i1_0.product_id,
        i1_0.quantity 
    from
        inventories i1_0 
    where
        i1_0.branch_id=? 
        and i1_0.product_id=?
Hibernate: 
    select
        i1_0.id,
        i1_0.branch_id,
        i1_0.product_id,
        i1_0.quantity 
    from
        inventories i1_0 
    where
        i1_0.branch_id=? 
        and i1_0.product_id=?
Hibernate: 
    select
        i1_0.id,
        i1_0.branch_id,
        i1_0.product_id,
        i1_0.quantity 
    from
        inventories i1_0 
    where
        i1_0.branch_id=? 
        and i1_0.product_id=?
Hibernate: 
    select
        i1_0.id,
        i1_0.branch_id,
        i1_0.product_id,
        i1_0.quantity 
    from
        inventories i1_0 
    where
        i1_0.branch_id=? 
        and i1_0.product_id=?
Hibernate: 
    select
        i1_0.id,
        i1_0.branch_id,
        i1_0.product_id,
        i1_0.quantity 
    from
        inventories i1_0 
    where
        i1_0.branch_id=? 
        and i1_0.product_id=?
Hibernate: 
    select
        i1_0.id,
        i1_0.branch_id,
        i1_0.product_id,
        i1_0.quantity 
    from
        inventories i1_0 
    where
        i1_0.branch_id=? 
        and i1_0.product_id=?
Hibernate: 
    select
        i1_0.id,
        i1_0.branch_id,
        i1_0.product_id,
        i1_0.quantity 
    from
        inventories i1_0 
    where
        i1_0.branch_id=? 
        and i1_0.product_id=?
Hibernate: 
    select
        i1_0.id,
        i1_0.branch_id,
        i1_0.product_id,
        i1_0.quantity 
    from
        inventories i1_0 
    where
        i1_0.branch_id=? 
        and i1_0.product_id=?
Hibernate: 
    select
        i1_0.id,
        i1_0.branch_id,
        i1_0.product_id,
        i1_0.quantity 
    from
        inventories i1_0 
    where
        i1_0.branch_id=? 
        and i1_0.product_id=?
Hibernate: 
    select
        i1_0.id,
        i1_0.branch_id,
        i1_0.product_id,
        i1_0.quantity 
    from
        inventories i1_0 
    where
        i1_0.branch_id=? 
        and i1_0.product_id=?
Hibernate: 
    select
        p1_0.id,
        p1_0.category_id,
        p1_0.description,
        p1_0.name,
        p1_0.price 
    from
        products p1_0
Hibernate: 
    select
        i1_0.id,
        i1_0.branch_id,
        i1_0.product_id,
        i1_0.quantity 
    from
        inventories i1_0 
    where
        i1_0.branch_id=? 
        and i1_0.product_id=?
Hibernate: 
    select
        i1_0.id,
        i1_0.branch_id,
        i1_0.product_id,
        i1_0.quantity 
    from
        inventories i1_0 
    where
        i1_0.branch_id=? 
        and i1_0.product_id=?
Hibernate: 
    select
        i1_0.id,
        i1_0.branch_id,
        i1_0.product_id,
        i1_0.quantity 
    from
        inventories i1_0 
    where
        i1_0.branch_id=? 
        and i1_0.product_id=?
Hibernate: 
    select
        i1_0.id,
        i1_0.branch_id,
        i1_0.product_id,
        i1_0.quantity 
    from
        inventories i1_0 
    where
        i1_0.branch_id=? 
        and i1_0.product_id=?
Hibernate: 
    select
        i1_0.id,
        i1_0.branch_id,
        i1_0.product_id,
        i1_0.quantity 
    from
        inventories i1_0 
    where
        i1_0.branch_id=? 
        and i1_0.product_id=?
Hibernate: 
    select
        i1_0.id,
        i1_0.branch_id,
        i1_0.product_id,
        i1_0.quantity 
    from
        inventories i1_0 
    where
        i1_0.branch_id=? 
        and i1_0.product_id=?
Hibernate: 
    select
        i1_0.id,
        i1_0.branch_id,
        i1_0.product_id,
        i1_0.quantity 
    from
        inventories i1_0 
    where
        i1_0.branch_id=? 
        and i1_0.product_id=?
Hibernate: 
    select
        i1_0.id,
        i1_0.branch_id,
        i1_0.product_id,
        i1_0.quantity 
    from
        inventories i1_0 
    where
        i1_0.branch_id=? 
        and i1_0.product_id=?
Hibernate: 
    select
        i1_0.id,
        i1_0.branch_id,
        i1_0.product_id,
        i1_0.quantity 
    from
        inventories i1_0 
    where
        i1_0.branch_id=? 
        and i1_0.product_id=?
Hibernate: 
    select
        i1_0.id,
        i1_0.branch_id,
        i1_0.product_id,
        i1_0.quantity 
    from
        inventories i1_0 
    where
        i1_0.branch_id=? 
        and i1_0.product_id=?
Hibernate: 
    select
        i1_0.id,
        i1_0.branch_id,
        i1_0.product_id,
        i1_0.quantity 
    from
        inventories i1_0 
    where
        i1_0.branch_id=? 
        and i1_0.product_id=?
Hibernate: 
    select
        i1_0.id,
        i1_0.branch_id,
        i1_0.product_id,
        i1_0.quantity 
    from
        inventories i1_0 
    where
        i1_0.branch_id=? 
        and i1_0.product_id=?
Hibernate: 
    select
        i1_0.id,
        i1_0.branch_id,
        i1_0.product_id,
        i1_0.quantity 
    from
        inventories i1_0 
    where
        i1_0.branch_id=? 
        and i1_0.product_id=?
Hibernate: 
    select
        i1_0.id,
        i1_0.branch_id,
        i1_0.product_id,
        i1_0.quantity 
    from
        inventories i1_0 
    where
        i1_0.branch_id=? 
        and i1_0.product_id=?
Hibernate: 
    select
        i1_0.id,
        i1_0.branch_id,
        i1_0.product_id,
        i1_0.quantity 
    from
        inventories i1_0 
    where
        i1_0.branch_id=? 
        and i1_0.product_id=?
Hibernate: 
    select
        i1_0.id,
        i1_0.branch_id,
        i1_0.product_id,
        i1_0.quantity 
    from
        inventories i1_0 
    where
        i1_0.branch_id=? 
        and i1_0.product_id=?
Hibernate: 
    select
        i1_0.id,
        i1_0.branch_id,
        i1_0.product_id,
        i1_0.quantity 
    from
        inventories i1_0 
    where
        i1_0.branch_id=? 
        and i1_0.product_id=?
Hibernate: 
    select
        i1_0.id,
        i1_0.branch_id,
        i1_0.product_id,
        i1_0.quantity 
    from
        inventories i1_0 
    where
        i1_0.branch_id=? 
        and i1_0.product_id=?
Hibernate: 
    select
        i1_0.id,
        i1_0.branch_id,
        i1_0.product_id,
        i1_0.quantity 
    from
        inventories i1_0 
    where
        i1_0.branch_id=? 
        and i1_0.product_id=?
Hibernate: 
    select
        i1_0.id,
        i1_0.branch_id,
        i1_0.product_id,
        i1_0.quantity 
    from
        inventories i1_0 
    where
        i1_0.branch_id=? 
        and i1_0.product_id=?
Hibernate: 
    select
        i1_0.id,
        i1_0.branch_id,
        i1_0.product_id,
        i1_0.quantity 
    from
        inventories i1_0 
    where
        i1_0.branch_id=? 
        and i1_0.product_id=?
Hibernate: 
    select
        i1_0.id,
        i1_0.branch_id,
        i1_0.product_id,
        i1_0.quantity 
    from
        inventories i1_0 
    where
        i1_0.branch_id=? 
        and i1_0.product_id=?
Hibernate: 
    select
        i1_0.id,
        i1_0.branch_id,
        i1_0.product_id,
        i1_0.quantity 
    from
        inventories i1_0 
    where
        i1_0.branch_id=? 
        and i1_0.product_id=?
Hibernate: 
    select
        i1_0.id,
        i1_0.branch_id,
        i1_0.product_id,
        i1_0.quantity 
    from
        inventories i1_0 
    where
        i1_0.branch_id=? 
        and i1_0.product_id=?
Hibernate: 
    select
        i1_0.id,
        i1_0.branch_id,
        i1_0.product_id,
        i1_0.quantity 
    from
        inventories i1_0 
    where
        i1_0.branch_id=? 
        and i1_0.product_id=?
Hibernate: 
    select
        p1_0.id,
        p1_0.category_id,
        p1_0.description,
        p1_0.name,
        p1_0.price 
    from
        products p1_0
Hibernate: 
    select
        i1_0.id,
        i1_0.branch_id,
        i1_0.product_id,
        i1_0.quantity 
    from
        inventories i1_0 
    where
        i1_0.branch_id=? 
        and i1_0.product_id=?
Hibernate: 
    select
        i1_0.id,
        i1_0.branch_id,
        i1_0.product_id,
        i1_0.quantity 
    from
        inventories i1_0 
    where
        i1_0.branch_id=? 
        and i1_0.product_id=?
Hibernate: 
    select
        i1_0.id,
        i1_0.branch_id,
        i1_0.product_id,
        i1_0.quantity 
    from
        inventories i1_0 
    where
        i1_0.branch_id=? 
        and i1_0.product_id=?
Hibernate: 
    select
        i1_0.id,
        i1_0.branch_id,
        i1_0.product_id,
        i1_0.quantity 
    from
        inventories i1_0 
    where
        i1_0.branch_id=? 
        and i1_0.product_id=?
Hibernate: 
    select
        i1_0.id,
        i1_0.branch_id,
        i1_0.product_id,
        i1_0.quantity 
    from
        inventories i1_0 
    where
        i1_0.branch_id=? 
        and i1_0.product_id=?
Hibernate: 
    select
        i1_0.id,
        i1_0.branch_id,
        i1_0.product_id,
        i1_0.quantity 
    from
        inventories i1_0 
    where
        i1_0.branch_id=? 
        and i1_0.product_id=?
Hibernate: 
    select
        i1_0.id,
        i1_0.branch_id,
        i1_0.product_id,
        i1_0.quantity 
    from
        inventories i1_0 
    where
        i1_0.branch_id=? 
        and i1_0.product_id=?
Hibernate: 
    select
        i1_0.id,
        i1_0.branch_id,
        i1_0.product_id,
        i1_0.quantity 
    from
        inventories i1_0 
    where
        i1_0.branch_id=? 
        and i1_0.product_id=?
Hibernate: 
    select
        i1_0.id,
        i1_0.branch_id,
        i1_0.product_id,
        i1_0.quantity 
    from
        inventories i1_0 
    where
        i1_0.branch_id=? 
        and i1_0.product_id=?
Hibernate: 
    select
        i1_0.id,
        i1_0.branch_id,
        i1_0.product_id,
        i1_0.quantity 
    from
        inventories i1_0 
    where
        i1_0.branch_id=? 
        and i1_0.product_id=?
Hibernate: 
    select
        i1_0.id,
        i1_0.branch_id,
        i1_0.product_id,
        i1_0.quantity 
    from
        inventories i1_0 
    where
        i1_0.branch_id=? 
        and i1_0.product_id=?
Hibernate: 
    select
        i1_0.id,
        i1_0.branch_id,
        i1_0.product_id,
        i1_0.quantity 
    from
        inventories i1_0 
    where
        i1_0.branch_id=? 
        and i1_0.product_id=?
Hibernate: 
    select
        i1_0.id,
        i1_0.branch_id,
        i1_0.product_id,
        i1_0.quantity 
    from
        inventories i1_0 
    where
        i1_0.branch_id=? 
        and i1_0.product_id=?
Hibernate: 
    select
        i1_0.id,
        i1_0.branch_id,
        i1_0.product_id,
        i1_0.quantity 
    from
        inventories i1_0 
    where
        i1_0.branch_id=? 
        and i1_0.product_id=?
Hibernate: 
    select
        i1_0.id,
        i1_0.branch_id,
        i1_0.product_id,
        i1_0.quantity 
    from
        inventories i1_0 
    where
        i1_0.branch_id=? 
        and i1_0.product_id=?
Hibernate: 
    select
        i1_0.id,
        i1_0.branch_id,
        i1_0.product_id,
        i1_0.quantity 
    from
        inventories i1_0 
    where
        i1_0.branch_id=? 
        and i1_0.product_id=?
Hibernate: 
    select
        i1_0.id,
        i1_0.branch_id,
        i1_0.product_id,
        i1_0.quantity 
    from
        inventories i1_0 
    where
        i1_0.branch_id=? 
        and i1_0.product_id=?
Hibernate: 
    select
        i1_0.id,
        i1_0.branch_id,
        i1_0.product_id,
        i1_0.quantity 
    from
        inventories i1_0 
    where
        i1_0.branch_id=? 
        and i1_0.product_id=?
Hibernate: 
    select
        i1_0.id,
        i1_0.branch_id,
        i1_0.product_id,
        i1_0.quantity 
    from
        inventories i1_0 
    where
        i1_0.branch_id=? 
        and i1_0.product_id=?
Hibernate: 
    select
        i1_0.id,
        i1_0.branch_id,
        i1_0.product_id,
        i1_0.quantity 
    from
        inventories i1_0 
    where
        i1_0.branch_id=? 
        and i1_0.product_id=?
Hibernate: 
    select
        i1_0.id,
        i1_0.branch_id,
        i1_0.product_id,
        i1_0.quantity 
    from
        inventories i1_0 
    where
        i1_0.branch_id=? 
        and i1_0.product_id=?
Hibernate: 
    select
        i1_0.id,
        i1_0.branch_id,
        i1_0.product_id,
        i1_0.quantity 
    from
        inventories i1_0 
    where
        i1_0.branch_id=? 
        and i1_0.product_id=?
Hibernate: 
    select
        i1_0.id,
        i1_0.branch_id,
        i1_0.product_id,
        i1_0.quantity 
    from
        inventories i1_0 
    where
        i1_0.branch_id=? 
        and i1_0.product_id=?
Hibernate: 
    select
        i1_0.id,
        i1_0.branch_id,
        i1_0.product_id,
        i1_0.quantity 
    from
        inventories i1_0 
    where
        i1_0.branch_id=? 
        and i1_0.product_id=?
Hibernate: 
    select
        i1_0.id,
        i1_0.branch_id,
        i1_0.product_id,
        i1_0.quantity 
    from
        inventories i1_0 
    where
        i1_0.branch_id=? 
        and i1_0.product_id=?
2026-03-18T22:23:13.802-05:00  INFO 55019 --- [backend] [    Test worker] c.o.b.c.TransferSchemaMigration          : Schema update aplicada: transfers.source_branch_id ahora permite null para inbound
]]></system-out>
  <system-err><![CDATA[]]></system-err>
</testsuite>
