<?xml version="1.0" encoding="UTF-8"?>
<testsuite name="com.optiplant.backend.BackendApplicationTests" tests="1" skipped="0" failures="0" errors="0" timestamp="2026-03-17T04:56:16.498Z" hostname="ABetancourt" time="30.547">
  <properties/>
  <testcase name="contextLoads()" classname="com.optiplant.backend.BackendApplicationTests" time="0.502"/>
  <system-out><![CDATA[23:56:16.735 [Test worker] INFO org.springframework.test.context.support.AnnotationConfigContextLoaderUtils -- Could not detect default configuration classes for test class [com.optiplant.backend.BackendApplicationTests]: BackendApplicationTests does not declare any static, non-private, non-final, nested classes annotated with @Configuration.
23:56:16.870 [Test worker] INFO org.springframework.boot.test.context.SpringBootTestContextBootstrapper -- Found @SpringBootConfiguration com.optiplant.backend.BackendApplication for test class com.optiplant.backend.BackendApplicationTests

  .   ____          _            __ _ _
 /\\ / ___'_ __ _ _(_)_ __  __ _ \ \ \ \
( ( )\___ | '_ | '_| | '_ \/ _` | \ \ \ \
 \\/  ___)| |_)| | | | | || (_| |  ) ) ) )
  '  |____| .__|_| |_|_| |_\__, | / / / /
 =========|_|==============|___/=/_/_/_/

 :: Spring Boot ::                (v4.0.3)

2026-03-16T23:56:17.369-05:00  INFO 14002 --- [backend] [    Test worker] c.o.backend.BackendApplicationTests      : Starting BackendApplicationTests using Java 17.0.18 with PID 14002 (started by betancourt in /home/betancourt/Anderson Work/reto-optiplant-backend)
2026-03-16T23:56:17.372-05:00  INFO 14002 --- [backend] [    Test worker] c.o.backend.BackendApplicationTests      : No active profile set, falling back to 1 default profile: "default"
2026-03-16T23:56:18.363-05:00  INFO 14002 --- [backend] [    Test worker] .s.d.r.c.RepositoryConfigurationDelegate : Bootstrapping Spring Data JPA repositories in DEFAULT mode.
2026-03-16T23:56:18.442-05:00  INFO 14002 --- [backend] [    Test worker] .s.d.r.c.RepositoryConfigurationDelegate : Finished Spring Data repository scanning in 70 ms. Found 10 JPA repository interfaces.
2026-03-16T23:56:19.007-05:00  INFO 14002 --- [backend] [    Test worker] org.hibernate.orm.jpa                    : HHH008540: Processing PersistenceUnitInfo [name: default]
2026-03-16T23:56:19.092-05:00  INFO 14002 --- [backend] [    Test worker] org.hibernate.orm.core                   : HHH000001: Hibernate ORM core version 7.2.4.Final
2026-03-16T23:56:19.573-05:00  INFO 14002 --- [backend] [    Test worker] o.s.o.j.p.SpringPersistenceUnitInfo      : No LoadTimeWeaver setup: ignoring JPA class transformer
2026-03-16T23:56:19.603-05:00  INFO 14002 --- [backend] [    Test worker] com.zaxxer.hikari.HikariDataSource       : HikariPool-1 - Starting...
2026-03-16T23:56:21.998-05:00  INFO 14002 --- [backend] [    Test worker] com.zaxxer.hikari.pool.HikariPool        : HikariPool-1 - Added connection org.postgresql.jdbc.PgConnection@2d36add1
2026-03-16T23:56:22.005-05:00  INFO 14002 --- [backend] [    Test worker] com.zaxxer.hikari.HikariDataSource       : HikariPool-1 - Start completed.
2026-03-16T23:56:23.059-05:00  INFO 14002 --- [backend] [    Test worker] org.hibernate.orm.connections.pooling    : HHH10001005: Database info:
	Database JDBC URL [jdbc:postgresql://ep-withered-brook-aco0icvr-pooler.sa-east-1.aws.neon.tech/neondb?sslmode=require]
	Database driver: PostgreSQL JDBC Driver
	Database dialect: PostgreSQLDialect
	Database version: 17.8
	Default catalog/schema: neondb/public
	Autocommit mode: undefined/unknown
	Isolation level: READ_COMMITTED [default READ_COMMITTED]
	JDBC fetch size: none
	Pool: DataSourceConnectionProvider
	Minimum pool size: undefined/unknown
	Maximum pool size: undefined/unknown
2026-03-16T23:56:24.798-05:00  INFO 14002 --- [backend] [    Test worker] org.hibernate.orm.core                   : HHH000489: No JTA platform available (set 'hibernate.transaction.jta.platform' to enable JTA platform integration)
2026-03-16T23:56:27.040-05:00  INFO 14002 --- [backend] [    Test worker] j.LocalContainerEntityManagerFactoryBean : Initialized JPA EntityManagerFactory for persistence unit 'default'
2026-03-16T23:56:27.162-05:00  INFO 14002 --- [backend] [    Test worker] o.s.d.j.r.query.QueryEnhancerFactories   : Hibernate is in classpath; If applicable, HQL parser will be used.
2026-03-16T23:56:29.152-05:00  WARN 14002 --- [backend] [    Test worker] .s.a.UserDetailsServiceAutoConfiguration : 

Using generated security password: 8eeb29c5-a4b2-46a1-8192-a78fe9ca663e

This generated password is for development use only. Your security configuration must be updated before running your application in production.

2026-03-16T23:56:29.161-05:00  INFO 14002 --- [backend] [    Test worker] r$InitializeUserDetailsManagerConfigurer : Global AuthenticationManager configured with UserDetailsService bean with name inMemoryUserDetailsManager
2026-03-16T23:56:29.893-05:00  INFO 14002 --- [backend] [    Test worker] o.s.m.s.b.SimpleBrokerMessageHandler     : Starting...
2026-03-16T23:56:29.895-05:00  INFO 14002 --- [backend] [    Test worker] o.s.m.s.b.SimpleBrokerMessageHandler     : BrokerAvailabilityEvent[available=true, SimpleBrokerMessageHandler [org.springframework.messaging.simp.broker.DefaultSubscriptionRegistry@7bbf17d]]
2026-03-16T23:56:29.896-05:00  INFO 14002 --- [backend] [    Test worker] o.s.m.s.b.SimpleBrokerMessageHandler     : Started.
2026-03-16T23:56:29.903-05:00  INFO 14002 --- [backend] [    Test worker] c.o.backend.BackendApplicationTests      : Started BackendApplicationTests in 12.862 seconds (process running for 14.269)
Hibernate: 
    select
        b1_0.id,
        b1_0.address,
        b1_0.name,
        b1_0.phone 
    from
        branches b1_0
Hibernate: 
    select
        p1_0.id,
        p1_0.category_id,
        p1_0.description,
        p1_0.name,
        p1_0.price 
    from
        products p1_0
Hibernate: 
    select
        c1_0.id,
        c1_0.name 
    from
        categories c1_0 
    where
        c1_0.id=?
Hibernate: 
    select
        c1_0.id,
        c1_0.name 
    from
        categories c1_0 
    where
        c1_0.id=?
Hibernate: 
    select
        c1_0.id,
        c1_0.name 
    from
        categories c1_0 
    where
        c1_0.id=?
Hibernate: 
    select
        c1_0.id,
        c1_0.name 
    from
        categories c1_0 
    where
        c1_0.id=?
Hibernate: 
    select
        c1_0.id,
        c1_0.name 
    from
        categories c1_0 
    where
        c1_0.id=?
Hibernate: 
    select
        c1_0.id,
        c1_0.name 
    from
        categories c1_0 
    where
        c1_0.id=?
Hibernate: 
    select
        c1_0.id,
        c1_0.name 
    from
        categories c1_0 
    where
        c1_0.id=?
Hibernate: 
    select
        c1_0.id,
        c1_0.name 
    from
        categories c1_0 
    where
        c1_0.id=?
Hibernate: 
    select
        c1_0.id,
        c1_0.name 
    from
        categories c1_0 
    where
        c1_0.id=?
Hibernate: 
    select
        c1_0.id,
        c1_0.name 
    from
        categories c1_0 
    where
        c1_0.id=?
Hibernate: 
    select
        i1_0.id,
        i1_0.branch_id,
        i1_0.product_id,
        i1_0.quantity 
    from
        inventories i1_0 
    where
        i1_0.branch_id=? 
        and i1_0.product_id=?
Hibernate: 
    select
        i1_0.id,
        i1_0.branch_id,
        i1_0.product_id,
        i1_0.quantity 
    from
        inventories i1_0 
    where
        i1_0.branch_id=? 
        and i1_0.product_id=?
Hibernate: 
    select
        i1_0.id,
        i1_0.branch_id,
        i1_0.product_id,
        i1_0.quantity 
    from
        inventories i1_0 
    where
        i1_0.branch_id=? 
        and i1_0.product_id=?
Hibernate: 
    select
        i1_0.id,
        i1_0.branch_id,
        i1_0.product_id,
        i1_0.quantity 
    from
        inventories i1_0 
    where
        i1_0.branch_id=? 
        and i1_0.product_id=?
Hibernate: 
    select
        i1_0.id,
        i1_0.branch_id,
        i1_0.product_id,
        i1_0.quantity 
    from
        inventories i1_0 
    where
        i1_0.branch_id=? 
        and i1_0.product_id=?
Hibernate: 
    select
        i1_0.id,
        i1_0.branch_id,
        i1_0.product_id,
        i1_0.quantity 
    from
        inventories i1_0 
    where
        i1_0.branch_id=? 
        and i1_0.product_id=?
Hibernate: 
    select
        i1_0.id,
        i1_0.branch_id,
        i1_0.product_id,
        i1_0.quantity 
    from
        inventories i1_0 
    where
        i1_0.branch_id=? 
        and i1_0.product_id=?
Hibernate: 
    select
        i1_0.id,
        i1_0.branch_id,
        i1_0.product_id,
        i1_0.quantity 
    from
        inventories i1_0 
    where
        i1_0.branch_id=? 
        and i1_0.product_id=?
Hibernate: 
    select
        i1_0.id,
        i1_0.branch_id,
        i1_0.product_id,
        i1_0.quantity 
    from
        inventories i1_0 
    where
        i1_0.branch_id=? 
        and i1_0.product_id=?
Hibernate: 
    select
        i1_0.id,
        i1_0.branch_id,
        i1_0.product_id,
        i1_0.quantity 
    from
        inventories i1_0 
    where
        i1_0.branch_id=? 
        and i1_0.product_id=?
Hibernate: 
    select
        i1_0.id,
        i1_0.branch_id,
        i1_0.product_id,
        i1_0.quantity 
    from
        inventories i1_0 
    where
        i1_0.branch_id=? 
        and i1_0.product_id=?
Hibernate: 
    select
        i1_0.id,
        i1_0.branch_id,
        i1_0.product_id,
        i1_0.quantity 
    from
        inventories i1_0 
    where
        i1_0.branch_id=? 
        and i1_0.product_id=?
Hibernate: 
    select
        i1_0.id,
        i1_0.branch_id,
        i1_0.product_id,
        i1_0.quantity 
    from
        inventories i1_0 
    where
        i1_0.branch_id=? 
        and i1_0.product_id=?
Hibernate: 
    select
        i1_0.id,
        i1_0.branch_id,
        i1_0.product_id,
        i1_0.quantity 
    from
        inventories i1_0 
    where
        i1_0.branch_id=? 
        and i1_0.product_id=?
Hibernate: 
    select
        i1_0.id,
        i1_0.branch_id,
        i1_0.product_id,
        i1_0.quantity 
    from
        inventories i1_0 
    where
        i1_0.branch_id=? 
        and i1_0.product_id=?
Hibernate: 
    select
        i1_0.id,
        i1_0.branch_id,
        i1_0.product_id,
        i1_0.quantity 
    from
        inventories i1_0 
    where
        i1_0.branch_id=? 
        and i1_0.product_id=?
Hibernate: 
    select
        i1_0.id,
        i1_0.branch_id,
        i1_0.product_id,
        i1_0.quantity 
    from
        inventories i1_0 
    where
        i1_0.branch_id=? 
        and i1_0.product_id=?
Hibernate: 
    select
        i1_0.id,
        i1_0.branch_id,
        i1_0.product_id,
        i1_0.quantity 
    from
        inventories i1_0 
    where
        i1_0.branch_id=? 
        and i1_0.product_id=?
Hibernate: 
    select
        i1_0.id,
        i1_0.branch_id,
        i1_0.product_id,
        i1_0.quantity 
    from
        inventories i1_0 
    where
        i1_0.branch_id=? 
        and i1_0.product_id=?
Hibernate: 
    select
        i1_0.id,
        i1_0.branch_id,
        i1_0.product_id,
        i1_0.quantity 
    from
        inventories i1_0 
    where
        i1_0.branch_id=? 
        and i1_0.product_id=?
Hibernate: 
    select
        i1_0.id,
        i1_0.branch_id,
        i1_0.product_id,
        i1_0.quantity 
    from
        inventories i1_0 
    where
        i1_0.branch_id=? 
        and i1_0.product_id=?
Hibernate: 
    select
        i1_0.id,
        i1_0.branch_id,
        i1_0.product_id,
        i1_0.quantity 
    from
        inventories i1_0 
    where
        i1_0.branch_id=? 
        and i1_0.product_id=?
Hibernate: 
    select
        i1_0.id,
        i1_0.branch_id,
        i1_0.product_id,
        i1_0.quantity 
    from
        inventories i1_0 
    where
        i1_0.branch_id=? 
        and i1_0.product_id=?
Hibernate: 
    select
        i1_0.id,
        i1_0.branch_id,
        i1_0.product_id,
        i1_0.quantity 
    from
        inventories i1_0 
    where
        i1_0.branch_id=? 
        and i1_0.product_id=?
Hibernate: 
    select
        i1_0.id,
        i1_0.branch_id,
        i1_0.product_id,
        i1_0.quantity 
    from
        inventories i1_0 
    where
        i1_0.branch_id=? 
        and i1_0.product_id=?
Hibernate: 
    select
        p1_0.id,
        p1_0.category_id,
        p1_0.description,
        p1_0.name,
        p1_0.price 
    from
        products p1_0
Hibernate: 
    select
        i1_0.id,
        i1_0.branch_id,
        i1_0.product_id,
        i1_0.quantity 
    from
        inventories i1_0 
    where
        i1_0.branch_id=? 
        and i1_0.product_id=?
Hibernate: 
    select
        i1_0.id,
        i1_0.branch_id,
        i1_0.product_id,
        i1_0.quantity 
    from
        inventories i1_0 
    where
        i1_0.branch_id=? 
        and i1_0.product_id=?
Hibernate: 
    select
        i1_0.id,
        i1_0.branch_id,
        i1_0.product_id,
        i1_0.quantity 
    from
        inventories i1_0 
    where
        i1_0.branch_id=? 
        and i1_0.product_id=?
Hibernate: 
    select
        i1_0.id,
        i1_0.branch_id,
        i1_0.product_id,
        i1_0.quantity 
    from
        inventories i1_0 
    where
        i1_0.branch_id=? 
        and i1_0.product_id=?
Hibernate: 
    select
        i1_0.id,
        i1_0.branch_id,
        i1_0.product_id,
        i1_0.quantity 
    from
        inventories i1_0 
    where
        i1_0.branch_id=? 
        and i1_0.product_id=?
Hibernate: 
    select
        i1_0.id,
        i1_0.branch_id,
        i1_0.product_id,
        i1_0.quantity 
    from
        inventories i1_0 
    where
        i1_0.branch_id=? 
        and i1_0.product_id=?
Hibernate: 
    select
        i1_0.id,
        i1_0.branch_id,
        i1_0.product_id,
        i1_0.quantity 
    from
        inventories i1_0 
    where
        i1_0.branch_id=? 
        and i1_0.product_id=?
Hibernate: 
    select
        i1_0.id,
        i1_0.branch_id,
        i1_0.product_id,
        i1_0.quantity 
    from
        inventories i1_0 
    where
        i1_0.branch_id=? 
        and i1_0.product_id=?
Hibernate: 
    select
        i1_0.id,
        i1_0.branch_id,
        i1_0.product_id,
        i1_0.quantity 
    from
        inventories i1_0 
    where
        i1_0.branch_id=? 
        and i1_0.product_id=?
Hibernate: 
    select
        i1_0.id,
        i1_0.branch_id,
        i1_0.product_id,
        i1_0.quantity 
    from
        inventories i1_0 
    where
        i1_0.branch_id=? 
        and i1_0.product_id=?
Hibernate: 
    select
        i1_0.id,
        i1_0.branch_id,
        i1_0.product_id,
        i1_0.quantity 
    from
        inventories i1_0 
    where
        i1_0.branch_id=? 
        and i1_0.product_id=?
Hibernate: 
    select
        i1_0.id,
        i1_0.branch_id,
        i1_0.product_id,
        i1_0.quantity 
    from
        inventories i1_0 
    where
        i1_0.branch_id=? 
        and i1_0.product_id=?
Hibernate: 
    select
        i1_0.id,
        i1_0.branch_id,
        i1_0.product_id,
        i1_0.quantity 
    from
        inventories i1_0 
    where
        i1_0.branch_id=? 
        and i1_0.product_id=?
Hibernate: 
    select
        i1_0.id,
        i1_0.branch_id,
        i1_0.product_id,
        i1_0.quantity 
    from
        inventories i1_0 
    where
        i1_0.branch_id=? 
        and i1_0.product_id=?
Hibernate: 
    select
        i1_0.id,
        i1_0.branch_id,
        i1_0.product_id,
        i1_0.quantity 
    from
        inventories i1_0 
    where
        i1_0.branch_id=? 
        and i1_0.product_id=?
Hibernate: 
    select
        i1_0.id,
        i1_0.branch_id,
        i1_0.product_id,
        i1_0.quantity 
    from
        inventories i1_0 
    where
        i1_0.branch_id=? 
        and i1_0.product_id=?
Hibernate: 
    select
        i1_0.id,
        i1_0.branch_id,
        i1_0.product_id,
        i1_0.quantity 
    from
        inventories i1_0 
    where
        i1_0.branch_id=? 
        and i1_0.product_id=?
Hibernate: 
    select
        i1_0.id,
        i1_0.branch_id,
        i1_0.product_id,
        i1_0.quantity 
    from
        inventories i1_0 
    where
        i1_0.branch_id=? 
        and i1_0.product_id=?
Hibernate: 
    select
        i1_0.id,
        i1_0.branch_id,
        i1_0.product_id,
        i1_0.quantity 
    from
        inventories i1_0 
    where
        i1_0.branch_id=? 
        and i1_0.product_id=?
Hibernate: 
    select
        i1_0.id,
        i1_0.branch_id,
        i1_0.product_id,
        i1_0.quantity 
    from
        inventories i1_0 
    where
        i1_0.branch_id=? 
        and i1_0.product_id=?
Hibernate: 
    select
        i1_0.id,
        i1_0.branch_id,
        i1_0.product_id,
        i1_0.quantity 
    from
        inventories i1_0 
    where
        i1_0.branch_id=? 
        and i1_0.product_id=?
Hibernate: 
    select
        i1_0.id,
        i1_0.branch_id,
        i1_0.product_id,
        i1_0.quantity 
    from
        inventories i1_0 
    where
        i1_0.branch_id=? 
        and i1_0.product_id=?
Hibernate: 
    select
        i1_0.id,
        i1_0.branch_id,
        i1_0.product_id,
        i1_0.quantity 
    from
        inventories i1_0 
    where
        i1_0.branch_id=? 
        and i1_0.product_id=?
Hibernate: 
    select
        i1_0.id,
        i1_0.branch_id,
        i1_0.product_id,
        i1_0.quantity 
    from
        inventories i1_0 
    where
        i1_0.branch_id=? 
        and i1_0.product_id=?
Hibernate: 
    select
        i1_0.id,
        i1_0.branch_id,
        i1_0.product_id,
        i1_0.quantity 
    from
        inventories i1_0 
    where
        i1_0.branch_id=? 
        and i1_0.product_id=?
Hibernate: 
    select
        p1_0.id,
        p1_0.category_id,
        p1_0.description,
        p1_0.name,
        p1_0.price 
    from
        products p1_0
Hibernate: 
    select
        i1_0.id,
        i1_0.branch_id,
        i1_0.product_id,
        i1_0.quantity 
    from
        inventories i1_0 
    where
        i1_0.branch_id=? 
        and i1_0.product_id=?
Hibernate: 
    select
        i1_0.id,
        i1_0.branch_id,
        i1_0.product_id,
        i1_0.quantity 
    from
        inventories i1_0 
    where
        i1_0.branch_id=? 
        and i1_0.product_id=?
Hibernate: 
    select
        i1_0.id,
        i1_0.branch_id,
        i1_0.product_id,
        i1_0.quantity 
    from
        inventories i1_0 
    where
        i1_0.branch_id=? 
        and i1_0.product_id=?
Hibernate: 
    select
        i1_0.id,
        i1_0.branch_id,
        i1_0.product_id,
        i1_0.quantity 
    from
        inventories i1_0 
    where
        i1_0.branch_id=? 
        and i1_0.product_id=?
Hibernate: 
    select
        i1_0.id,
        i1_0.branch_id,
        i1_0.product_id,
        i1_0.quantity 
    from
        inventories i1_0 
    where
        i1_0.branch_id=? 
        and i1_0.product_id=?
Hibernate: 
    select
        i1_0.id,
        i1_0.branch_id,
        i1_0.product_id,
        i1_0.quantity 
    from
        inventories i1_0 
    where
        i1_0.branch_id=? 
        and i1_0.product_id=?
Hibernate: 
    select
        i1_0.id,
        i1_0.branch_id,
        i1_0.product_id,
        i1_0.quantity 
    from
        inventories i1_0 
    where
        i1_0.branch_id=? 
        and i1_0.product_id=?
Hibernate: 
    select
        i1_0.id,
        i1_0.branch_id,
        i1_0.product_id,
        i1_0.quantity 
    from
        inventories i1_0 
    where
        i1_0.branch_id=? 
        and i1_0.product_id=?
Hibernate: 
    select
        i1_0.id,
        i1_0.branch_id,
        i1_0.product_id,
        i1_0.quantity 
    from
        inventories i1_0 
    where
        i1_0.branch_id=? 
        and i1_0.product_id=?
Hibernate: 
    select
        i1_0.id,
        i1_0.branch_id,
        i1_0.product_id,
        i1_0.quantity 
    from
        inventories i1_0 
    where
        i1_0.branch_id=? 
        and i1_0.product_id=?
Hibernate: 
    select
        i1_0.id,
        i1_0.branch_id,
        i1_0.product_id,
        i1_0.quantity 
    from
        inventories i1_0 
    where
        i1_0.branch_id=? 
        and i1_0.product_id=?
Hibernate: 
    select
        i1_0.id,
        i1_0.branch_id,
        i1_0.product_id,
        i1_0.quantity 
    from
        inventories i1_0 
    where
        i1_0.branch_id=? 
        and i1_0.product_id=?
Hibernate: 
    select
        i1_0.id,
        i1_0.branch_id,
        i1_0.product_id,
        i1_0.quantity 
    from
        inventories i1_0 
    where
        i1_0.branch_id=? 
        and i1_0.product_id=?
Hibernate: 
    select
        i1_0.id,
        i1_0.branch_id,
        i1_0.product_id,
        i1_0.quantity 
    from
        inventories i1_0 
    where
        i1_0.branch_id=? 
        and i1_0.product_id=?
Hibernate: 
    select
        i1_0.id,
        i1_0.branch_id,
        i1_0.product_id,
        i1_0.quantity 
    from
        inventories i1_0 
    where
        i1_0.branch_id=? 
        and i1_0.product_id=?
Hibernate: 
    select
        i1_0.id,
        i1_0.branch_id,
        i1_0.product_id,
        i1_0.quantity 
    from
        inventories i1_0 
    where
        i1_0.branch_id=? 
        and i1_0.product_id=?
Hibernate: 
    select
        i1_0.id,
        i1_0.branch_id,
        i1_0.product_id,
        i1_0.quantity 
    from
        inventories i1_0 
    where
        i1_0.branch_id=? 
        and i1_0.product_id=?
Hibernate: 
    select
        i1_0.id,
        i1_0.branch_id,
        i1_0.product_id,
        i1_0.quantity 
    from
        inventories i1_0 
    where
        i1_0.branch_id=? 
        and i1_0.product_id=?
Hibernate: 
    select
        i1_0.id,
        i1_0.branch_id,
        i1_0.product_id,
        i1_0.quantity 
    from
        inventories i1_0 
    where
        i1_0.branch_id=? 
        and i1_0.product_id=?
Hibernate: 
    select
        i1_0.id,
        i1_0.branch_id,
        i1_0.product_id,
        i1_0.quantity 
    from
        inventories i1_0 
    where
        i1_0.branch_id=? 
        and i1_0.product_id=?
Hibernate: 
    select
        i1_0.id,
        i1_0.branch_id,
        i1_0.product_id,
        i1_0.quantity 
    from
        inventories i1_0 
    where
        i1_0.branch_id=? 
        and i1_0.product_id=?
Hibernate: 
    select
        i1_0.id,
        i1_0.branch_id,
        i1_0.product_id,
        i1_0.quantity 
    from
        inventories i1_0 
    where
        i1_0.branch_id=? 
        and i1_0.product_id=?
Hibernate: 
    select
        i1_0.id,
        i1_0.branch_id,
        i1_0.product_id,
        i1_0.quantity 
    from
        inventories i1_0 
    where
        i1_0.branch_id=? 
        and i1_0.product_id=?
Hibernate: 
    select
        i1_0.id,
        i1_0.branch_id,
        i1_0.product_id,
        i1_0.quantity 
    from
        inventories i1_0 
    where
        i1_0.branch_id=? 
        and i1_0.product_id=?
Hibernate: 
    select
        i1_0.id,
        i1_0.branch_id,
        i1_0.product_id,
        i1_0.quantity 
    from
        inventories i1_0 
    where
        i1_0.branch_id=? 
        and i1_0.product_id=?
Hibernate: 
    select
        c1_0.id,
        c1_0.name 
    from
        categories c1_0 
    where
        upper(c1_0.name)=upper(?)
Hibernate: 
    select
        c1_0.id,
        c1_0.name 
    from
        categories c1_0 
    where
        upper(c1_0.name)=upper(?)
Hibernate: 
    select
        c1_0.id,
        c1_0.name 
    from
        categories c1_0 
    where
        upper(c1_0.name)=upper(?)
Hibernate: 
    select
        c1_0.id,
        c1_0.name 
    from
        categories c1_0 
    where
        upper(c1_0.name)=upper(?)
Hibernate: 
    select
        c1_0.id,
        c1_0.name 
    from
        categories c1_0 
    where
        upper(c1_0.name)=upper(?)
Hibernate: 
    select
        c1_0.id,
        c1_0.name 
    from
        categories c1_0 
    where
        upper(c1_0.name)=upper(?)
Hibernate: 
    select
        c1_0.id,
        c1_0.name 
    from
        categories c1_0 
    where
        upper(c1_0.name)=upper(?)
Hibernate: 
    select
        p1_0.id 
    from
        products p1_0 
    where
        upper(p1_0.name)=upper(?) 
        and p1_0.category_id=? 
    fetch
        first ? rows only
Hibernate: 
    select
        p1_0.id 
    from
        products p1_0 
    where
        upper(p1_0.name)=upper(?) 
        and p1_0.category_id=? 
    fetch
        first ? rows only
Hibernate: 
    select
        p1_0.id 
    from
        products p1_0 
    where
        upper(p1_0.name)=upper(?) 
        and p1_0.category_id=? 
    fetch
        first ? rows only
Hibernate: 
    select
        p1_0.id 
    from
        products p1_0 
    where
        upper(p1_0.name)=upper(?) 
        and p1_0.category_id=? 
    fetch
        first ? rows only
Hibernate: 
    select
        p1_0.id 
    from
        products p1_0 
    where
        upper(p1_0.name)=upper(?) 
        and p1_0.category_id=? 
    fetch
        first ? rows only
Hibernate: 
    select
        p1_0.id 
    from
        products p1_0 
    where
        upper(p1_0.name)=upper(?) 
        and p1_0.category_id=? 
    fetch
        first ? rows only
Hibernate: 
    select
        p1_0.id 
    from
        products p1_0 
    where
        upper(p1_0.name)=upper(?) 
        and p1_0.category_id=? 
    fetch
        first ? rows only
Hibernate: 
    select
        p1_0.id 
    from
        products p1_0 
    where
        upper(p1_0.name)=upper(?) 
        and p1_0.category_id=? 
    fetch
        first ? rows only
Hibernate: 
    select
        p1_0.id 
    from
        products p1_0 
    where
        upper(p1_0.name)=upper(?) 
        and p1_0.category_id=? 
    fetch
        first ? rows only
Hibernate: 
    select
        p1_0.id 
    from
        products p1_0 
    where
        upper(p1_0.name)=upper(?) 
        and p1_0.category_id=? 
    fetch
        first ? rows only
Hibernate: 
    select
        p1_0.id 
    from
        products p1_0 
    where
        upper(p1_0.name)=upper(?) 
        and p1_0.category_id=? 
    fetch
        first ? rows only
Hibernate: 
    select
        p1_0.id 
    from
        products p1_0 
    where
        upper(p1_0.name)=upper(?) 
        and p1_0.category_id=? 
    fetch
        first ? rows only
Hibernate: 
    select
        p1_0.id 
    from
        products p1_0 
    where
        upper(p1_0.name)=upper(?) 
        and p1_0.category_id=? 
    fetch
        first ? rows only
Hibernate: 
    select
        p1_0.id 
    from
        products p1_0 
    where
        upper(p1_0.name)=upper(?) 
        and p1_0.category_id=? 
    fetch
        first ? rows only
Hibernate: 
    select
        p1_0.id 
    from
        products p1_0 
    where
        upper(p1_0.name)=upper(?) 
        and p1_0.category_id=? 
    fetch
        first ? rows only
Hibernate: 
    select
        p1_0.id 
    from
        products p1_0 
    where
        upper(p1_0.name)=upper(?) 
        and p1_0.category_id=? 
    fetch
        first ? rows only
Hibernate: 
    select
        p1_0.id 
    from
        products p1_0 
    where
        upper(p1_0.name)=upper(?) 
        and p1_0.category_id=? 
    fetch
        first ? rows only
Hibernate: 
    select
        p1_0.id 
    from
        products p1_0 
    where
        upper(p1_0.name)=upper(?) 
        and p1_0.category_id=? 
    fetch
        first ? rows only
Hibernate: 
    select
        p1_0.id 
    from
        products p1_0 
    where
        upper(p1_0.name)=upper(?) 
        and p1_0.category_id=? 
    fetch
        first ? rows only
Hibernate: 
    select
        p1_0.id 
    from
        products p1_0 
    where
        upper(p1_0.name)=upper(?) 
        and p1_0.category_id=? 
    fetch
        first ? rows only
Hibernate: 
    select
        p1_0.id 
    from
        products p1_0 
    where
        upper(p1_0.name)=upper(?) 
        and p1_0.category_id=? 
    fetch
        first ? rows only
]]></system-out>
  <system-err><![CDATA[]]></system-err>
</testsuite>
